INFO  04:03:50 Application started. Press Ctrl+C to shut down.
INFO  04:03:50 Application started. Press Ctrl+C to shut down.
INFO  04:03:50 Hosting environment: Development
INFO  04:03:50 Hosting environment: Development
INFO  04:03:50 Content root path: C:\Users\Abhishek Tiwari\source\repos\ClaimsMicroservice
INFO  04:03:50 Content root path: C:\Users\Abhishek Tiwari\source\repos\ClaimsMicroservice
INFO  03:18:51 Application started. Press Ctrl+C to shut down.
INFO  03:18:51 Application started. Press Ctrl+C to shut down.
INFO  03:18:51 Hosting environment: Development
INFO  03:18:51 Hosting environment: Development
INFO  03:18:51 Content root path: C:\Users\Abhishek Tiwari\source\repos\ClaimsMicroservice
INFO  03:18:51 Content root path: C:\Users\Abhishek Tiwari\source\repos\ClaimsMicroservice
INFO  03:19:02 Get Method Called
INFO  11:13:23 Application started. Press Ctrl+C to shut down.
INFO  11:13:23 Application started. Press Ctrl+C to shut down.
INFO  11:13:23 Hosting environment: Development
INFO  11:13:23 Hosting environment: Development
INFO  11:13:23 Content root path: C:\Users\Abhishek Tiwari\source\repos\ClaimsMicroservice
INFO  11:13:23 Content root path: C:\Users\Abhishek Tiwari\source\repos\ClaimsMicroservice
ERROR 11:14:42 An unhandled exception has occurred while executing the request.
System.InvalidOperationException: Unable to resolve service for type 'ClaimsMicroservice.Repository.IClaimRepository' while attempting to activate 'ClaimsMicroservice.Controllers.ClaimsController'.
   at Microsoft.Extensions.DependencyInjection.ActivatorUtilities.GetService(IServiceProvider sp, Type type, Type requiredBy, Boolean isDefaultParameterRequired)
   at lambda_method(Closure , IServiceProvider , Object[] )
   at Microsoft.AspNetCore.Mvc.Controllers.ControllerActivatorProvider.<>c__DisplayClass4_0.<CreateActivator>b__0(ControllerContext controllerContext)
   at Microsoft.AspNetCore.Mvc.Controllers.ControllerFactoryProvider.<>c__DisplayClass5_0.<CreateControllerFactory>g__CreateController|0(ControllerContext controllerContext)
   at Microsoft.AspNetCore.Mvc.Infrastructure.ControllerActionInvoker.Next(State& next, Scope& scope, Object& state, Boolean& isCompleted)
   at Microsoft.AspNetCore.Mvc.Infrastructure.ControllerActionInvoker.InvokeInnerFilterAsync()
--- End of stack trace from previous location where exception was thrown ---
   at Microsoft.AspNetCore.Mvc.Infrastructure.ResourceInvoker.<InvokeFilterPipelineAsync>g__Awaited|19_0(ResourceInvoker invoker, Task lastTask, State next, Scope scope, Object state, Boolean isCompleted)
   at Microsoft.AspNetCore.Mvc.Infrastructure.ResourceInvoker.<InvokeAsync>g__Awaited|17_0(ResourceInvoker invoker, Task task, IDisposable scope)
   at Microsoft.AspNetCore.Routing.EndpointMiddleware.<Invoke>g__AwaitRequestTask|6_0(Endpoint endpoint, Task requestTask, ILogger logger)
   at Microsoft.AspNetCore.Authorization.AuthorizationMiddleware.Invoke(HttpContext context)
   at Microsoft.AspNetCore.Diagnostics.DeveloperExceptionPageMiddleware.Invoke(HttpContext context)
ERROR 11:14:42 An unhandled exception has occurred while executing the request.
System.InvalidOperationException: Unable to resolve service for type 'ClaimsMicroservice.Repository.IClaimRepository' while attempting to activate 'ClaimsMicroservice.Controllers.ClaimsController'.
   at Microsoft.Extensions.DependencyInjection.ActivatorUtilities.GetService(IServiceProvider sp, Type type, Type requiredBy, Boolean isDefaultParameterRequired)
   at lambda_method(Closure , IServiceProvider , Object[] )
   at Microsoft.AspNetCore.Mvc.Controllers.ControllerActivatorProvider.<>c__DisplayClass4_0.<CreateActivator>b__0(ControllerContext controllerContext)
   at Microsoft.AspNetCore.Mvc.Controllers.ControllerFactoryProvider.<>c__DisplayClass5_0.<CreateControllerFactory>g__CreateController|0(ControllerContext controllerContext)
   at Microsoft.AspNetCore.Mvc.Infrastructure.ControllerActionInvoker.Next(State& next, Scope& scope, Object& state, Boolean& isCompleted)
   at Microsoft.AspNetCore.Mvc.Infrastructure.ControllerActionInvoker.InvokeInnerFilterAsync()
--- End of stack trace from previous location where exception was thrown ---
   at Microsoft.AspNetCore.Mvc.Infrastructure.ResourceInvoker.<InvokeFilterPipelineAsync>g__Awaited|19_0(ResourceInvoker invoker, Task lastTask, State next, Scope scope, Object state, Boolean isCompleted)
   at Microsoft.AspNetCore.Mvc.Infrastructure.ResourceInvoker.<InvokeAsync>g__Awaited|17_0(ResourceInvoker invoker, Task task, IDisposable scope)
   at Microsoft.AspNetCore.Routing.EndpointMiddleware.<Invoke>g__AwaitRequestTask|6_0(Endpoint endpoint, Task requestTask, ILogger logger)
   at Microsoft.AspNetCore.Authorization.AuthorizationMiddleware.Invoke(HttpContext context)
   at Microsoft.AspNetCore.Diagnostics.DeveloperExceptionPageMiddleware.Invoke(HttpContext context)
INFO  11:17:11 Application started. Press Ctrl+C to shut down.
INFO  11:17:11 Application started. Press Ctrl+C to shut down.
INFO  11:17:11 Hosting environment: Development
INFO  11:17:11 Hosting environment: Development
INFO  11:17:11 Content root path: C:\Users\Abhishek Tiwari\source\repos\ClaimsMicroservice
INFO  11:17:11 Content root path: C:\Users\Abhishek Tiwari\source\repos\ClaimsMicroservice
INFO  11:17:11 GetClaimStatus Method Called
INFO  11:20:00 Application started. Press Ctrl+C to shut down.
INFO  11:20:00 Application started. Press Ctrl+C to shut down.
INFO  11:20:00 Hosting environment: Development
INFO  11:20:00 Hosting environment: Development
INFO  11:20:00 Content root path: C:\Users\Abhishek Tiwari\source\repos\ClaimsMicroservice
INFO  11:20:00 Content root path: C:\Users\Abhishek Tiwari\source\repos\ClaimsMicroservice
INFO  11:20:19 GetClaimStatus Method Called
INFO  11:21:11 Application started. Press Ctrl+C to shut down.
INFO  11:21:11 Application started. Press Ctrl+C to shut down.
INFO  11:21:11 Hosting environment: Development
INFO  11:21:11 Hosting environment: Development
INFO  11:21:11 Content root path: C:\Users\Abhishek Tiwari\source\repos\ClaimsMicroservice
INFO  11:21:11 Content root path: C:\Users\Abhishek Tiwari\source\repos\ClaimsMicroservice
INFO  11:21:35 GetClaimStatus Method Called
INFO  11:27:30 Application started. Press Ctrl+C to shut down.
INFO  11:27:30 Application started. Press Ctrl+C to shut down.
INFO  11:27:30 Hosting environment: Development
INFO  11:27:30 Hosting environment: Development
INFO  11:27:30 Content root path: C:\Users\Abhishek Tiwari\source\repos\ClaimsMicroservice
INFO  11:27:30 Content root path: C:\Users\Abhishek Tiwari\source\repos\ClaimsMicroservice
INFO  11:27:58 GetClaimStatus Method Called
