INFO  10:38:50 Application started. Press Ctrl+C to shut down.
INFO  10:38:50 Application started. Press Ctrl+C to shut down.
INFO  10:38:50 Hosting environment: Development
INFO  10:38:50 Hosting environment: Development
INFO  10:38:50 Content root path: D:\MFPE\Authorization
INFO  10:38:50 Content root path: D:\MFPE\Authorization
INFO  10:43:07 Application started. Press Ctrl+C to shut down.
INFO  10:43:07 Application started. Press Ctrl+C to shut down.
INFO  10:43:07 Hosting environment: Development
INFO  10:43:07 Hosting environment: Development
INFO  10:43:07 Content root path: D:\MFPE\Authorization
INFO  10:43:07 Content root path: D:\MFPE\Authorization
INFO  10:45:20 Application started. Press Ctrl+C to shut down.
INFO  10:45:20 Application started. Press Ctrl+C to shut down.
INFO  10:45:20 Hosting environment: Development
INFO  10:45:20 Hosting environment: Development
INFO  10:45:20 Content root path: D:\MFPE\Authorization
INFO  10:45:20 Content root path: D:\MFPE\Authorization
INFO  10:51:46 Application started. Press Ctrl+C to shut down.
INFO  10:51:46 Application started. Press Ctrl+C to shut down.
INFO  10:51:46 Hosting environment: Development
INFO  10:51:46 Hosting environment: Development
INFO  10:51:46 Content root path: D:\MFPE\Authorization
INFO  10:51:46 Content root path: D:\MFPE\Authorization
INFO  10:53:04 Application started. Press Ctrl+C to shut down.
INFO  10:53:04 Application started. Press Ctrl+C to shut down.
INFO  10:53:04 Hosting environment: Development
INFO  10:53:04 Hosting environment: Development
INFO  10:53:04 Content root path: D:\MFPE\Authorization
INFO  10:53:04 Content root path: D:\MFPE\Authorization
INFO  12:21:09 Application started. Press Ctrl+C to shut down.
INFO  12:21:09 Application started. Press Ctrl+C to shut down.
INFO  12:21:09 Hosting environment: Development
INFO  12:21:09 Hosting environment: Development
INFO  12:21:09 Content root path: D:\MFPE\Authorization
INFO  12:21:09 Content root path: D:\MFPE\Authorization
INFO  12:34:16 Application started. Press Ctrl+C to shut down.
INFO  12:34:16 Application started. Press Ctrl+C to shut down.
INFO  12:34:16 Hosting environment: Development
INFO  12:34:16 Hosting environment: Development
INFO  12:34:16 Content root path: D:\MFPE\Authorization
INFO  12:34:16 Content root path: D:\MFPE\Authorization
ERROR 12:36:49 An unhandled exception has occurred while executing the request.
System.InvalidOperationException: Cannot return null from an action method with a return type of 'Microsoft.AspNetCore.Mvc.IActionResult'.
   at Microsoft.AspNetCore.Mvc.Infrastructure.ActionMethodExecutor.EnsureActionResultNotNull(ObjectMethodExecutor executor, IActionResult actionResult)
   at Microsoft.AspNetCore.Mvc.Infrastructure.ActionMethodExecutor.SyncActionResultExecutor.Execute(IActionResultTypeMapper mapper, ObjectMethodExecutor executor, Object controller, Object[] arguments)
   at Microsoft.AspNetCore.Mvc.Infrastructure.ControllerActionInvoker.InvokeActionMethodAsync()
   at Microsoft.AspNetCore.Mvc.Infrastructure.ControllerActionInvoker.Next(State& next, Scope& scope, Object& state, Boolean& isCompleted)
   at Microsoft.AspNetCore.Mvc.Infrastructure.ControllerActionInvoker.InvokeNextActionFilterAsync()
--- End of stack trace from previous location where exception was thrown ---
   at Microsoft.AspNetCore.Mvc.Infrastructure.ControllerActionInvoker.Rethrow(ActionExecutedContextSealed context)
   at Microsoft.AspNetCore.Mvc.Infrastructure.ControllerActionInvoker.Next(State& next, Scope& scope, Object& state, Boolean& isCompleted)
   at Microsoft.AspNetCore.Mvc.Infrastructure.ControllerActionInvoker.InvokeInnerFilterAsync()
--- End of stack trace from previous location where exception was thrown ---
   at Microsoft.AspNetCore.Mvc.Infrastructure.ResourceInvoker.<InvokeFilterPipelineAsync>g__Awaited|19_0(ResourceInvoker invoker, Task lastTask, State next, Scope scope, Object state, Boolean isCompleted)
   at Microsoft.AspNetCore.Mvc.Infrastructure.ResourceInvoker.<InvokeAsync>g__Awaited|17_0(ResourceInvoker invoker, Task task, IDisposable scope)
   at Microsoft.AspNetCore.Routing.EndpointMiddleware.<Invoke>g__AwaitRequestTask|6_0(Endpoint endpoint, Task requestTask, ILogger logger)
   at Microsoft.AspNetCore.Authorization.AuthorizationMiddleware.Invoke(HttpContext context)
   at Microsoft.AspNetCore.Authentication.AuthenticationMiddleware.Invoke(HttpContext context)
   at Swashbuckle.AspNetCore.SwaggerUI.SwaggerUIMiddleware.Invoke(HttpContext httpContext)
   at Swashbuckle.AspNetCore.Swagger.SwaggerMiddleware.Invoke(HttpContext httpContext, ISwaggerProvider swaggerProvider)
   at Microsoft.AspNetCore.Diagnostics.DeveloperExceptionPageMiddleware.Invoke(HttpContext context)
ERROR 12:36:49 An unhandled exception has occurred while executing the request.
System.InvalidOperationException: Cannot return null from an action method with a return type of 'Microsoft.AspNetCore.Mvc.IActionResult'.
   at Microsoft.AspNetCore.Mvc.Infrastructure.ActionMethodExecutor.EnsureActionResultNotNull(ObjectMethodExecutor executor, IActionResult actionResult)
   at Microsoft.AspNetCore.Mvc.Infrastructure.ActionMethodExecutor.SyncActionResultExecutor.Execute(IActionResultTypeMapper mapper, ObjectMethodExecutor executor, Object controller, Object[] arguments)
   at Microsoft.AspNetCore.Mvc.Infrastructure.ControllerActionInvoker.InvokeActionMethodAsync()
   at Microsoft.AspNetCore.Mvc.Infrastructure.ControllerActionInvoker.Next(State& next, Scope& scope, Object& state, Boolean& isCompleted)
   at Microsoft.AspNetCore.Mvc.Infrastructure.ControllerActionInvoker.InvokeNextActionFilterAsync()
--- End of stack trace from previous location where exception was thrown ---
   at Microsoft.AspNetCore.Mvc.Infrastructure.ControllerActionInvoker.Rethrow(ActionExecutedContextSealed context)
   at Microsoft.AspNetCore.Mvc.Infrastructure.ControllerActionInvoker.Next(State& next, Scope& scope, Object& state, Boolean& isCompleted)
   at Microsoft.AspNetCore.Mvc.Infrastructure.ControllerActionInvoker.InvokeInnerFilterAsync()
--- End of stack trace from previous location where exception was thrown ---
   at Microsoft.AspNetCore.Mvc.Infrastructure.ResourceInvoker.<InvokeFilterPipelineAsync>g__Awaited|19_0(ResourceInvoker invoker, Task lastTask, State next, Scope scope, Object state, Boolean isCompleted)
   at Microsoft.AspNetCore.Mvc.Infrastructure.ResourceInvoker.<InvokeAsync>g__Awaited|17_0(ResourceInvoker invoker, Task task, IDisposable scope)
   at Microsoft.AspNetCore.Routing.EndpointMiddleware.<Invoke>g__AwaitRequestTask|6_0(Endpoint endpoint, Task requestTask, ILogger logger)
   at Microsoft.AspNetCore.Authorization.AuthorizationMiddleware.Invoke(HttpContext context)
   at Microsoft.AspNetCore.Authentication.AuthenticationMiddleware.Invoke(HttpContext context)
   at Swashbuckle.AspNetCore.SwaggerUI.SwaggerUIMiddleware.Invoke(HttpContext httpContext)
   at Swashbuckle.AspNetCore.Swagger.SwaggerMiddleware.Invoke(HttpContext httpContext, ISwaggerProvider swaggerProvider)
   at Microsoft.AspNetCore.Diagnostics.DeveloperExceptionPageMiddleware.Invoke(HttpContext context)
INFO  12:41:26 Application started. Press Ctrl+C to shut down.
INFO  12:41:26 Application started. Press Ctrl+C to shut down.
INFO  12:41:26 Hosting environment: Development
INFO  12:41:26 Hosting environment: Development
INFO  12:41:26 Content root path: D:\MFPE\Authorization
INFO  12:41:26 Content root path: D:\MFPE\Authorization
ERROR 12:41:51 An unhandled exception has occurred while executing the request.
System.InvalidOperationException: Cannot return null from an action method with a return type of 'Microsoft.AspNetCore.Mvc.IActionResult'.
   at Microsoft.AspNetCore.Mvc.Infrastructure.ActionMethodExecutor.EnsureActionResultNotNull(ObjectMethodExecutor executor, IActionResult actionResult)
   at Microsoft.AspNetCore.Mvc.Infrastructure.ActionMethodExecutor.SyncActionResultExecutor.Execute(IActionResultTypeMapper mapper, ObjectMethodExecutor executor, Object controller, Object[] arguments)
   at Microsoft.AspNetCore.Mvc.Infrastructure.ControllerActionInvoker.InvokeActionMethodAsync()
   at Microsoft.AspNetCore.Mvc.Infrastructure.ControllerActionInvoker.Next(State& next, Scope& scope, Object& state, Boolean& isCompleted)
   at Microsoft.AspNetCore.Mvc.Infrastructure.ControllerActionInvoker.InvokeNextActionFilterAsync()
--- End of stack trace from previous location where exception was thrown ---
   at Microsoft.AspNetCore.Mvc.Infrastructure.ControllerActionInvoker.Rethrow(ActionExecutedContextSealed context)
   at Microsoft.AspNetCore.Mvc.Infrastructure.ControllerActionInvoker.Next(State& next, Scope& scope, Object& state, Boolean& isCompleted)
   at Microsoft.AspNetCore.Mvc.Infrastructure.ControllerActionInvoker.InvokeInnerFilterAsync()
--- End of stack trace from previous location where exception was thrown ---
   at Microsoft.AspNetCore.Mvc.Infrastructure.ResourceInvoker.<InvokeFilterPipelineAsync>g__Awaited|19_0(ResourceInvoker invoker, Task lastTask, State next, Scope scope, Object state, Boolean isCompleted)
   at Microsoft.AspNetCore.Mvc.Infrastructure.ResourceInvoker.<InvokeAsync>g__Awaited|17_0(ResourceInvoker invoker, Task task, IDisposable scope)
   at Microsoft.AspNetCore.Routing.EndpointMiddleware.<Invoke>g__AwaitRequestTask|6_0(Endpoint endpoint, Task requestTask, ILogger logger)
   at Microsoft.AspNetCore.Authorization.AuthorizationMiddleware.Invoke(HttpContext context)
   at Microsoft.AspNetCore.Authentication.AuthenticationMiddleware.Invoke(HttpContext context)
   at Swashbuckle.AspNetCore.SwaggerUI.SwaggerUIMiddleware.Invoke(HttpContext httpContext)
   at Swashbuckle.AspNetCore.Swagger.SwaggerMiddleware.Invoke(HttpContext httpContext, ISwaggerProvider swaggerProvider)
   at Microsoft.AspNetCore.Diagnostics.DeveloperExceptionPageMiddleware.Invoke(HttpContext context)
ERROR 12:41:51 An unhandled exception has occurred while executing the request.
System.InvalidOperationException: Cannot return null from an action method with a return type of 'Microsoft.AspNetCore.Mvc.IActionResult'.
   at Microsoft.AspNetCore.Mvc.Infrastructure.ActionMethodExecutor.EnsureActionResultNotNull(ObjectMethodExecutor executor, IActionResult actionResult)
   at Microsoft.AspNetCore.Mvc.Infrastructure.ActionMethodExecutor.SyncActionResultExecutor.Execute(IActionResultTypeMapper mapper, ObjectMethodExecutor executor, Object controller, Object[] arguments)
   at Microsoft.AspNetCore.Mvc.Infrastructure.ControllerActionInvoker.InvokeActionMethodAsync()
   at Microsoft.AspNetCore.Mvc.Infrastructure.ControllerActionInvoker.Next(State& next, Scope& scope, Object& state, Boolean& isCompleted)
   at Microsoft.AspNetCore.Mvc.Infrastructure.ControllerActionInvoker.InvokeNextActionFilterAsync()
--- End of stack trace from previous location where exception was thrown ---
   at Microsoft.AspNetCore.Mvc.Infrastructure.ControllerActionInvoker.Rethrow(ActionExecutedContextSealed context)
   at Microsoft.AspNetCore.Mvc.Infrastructure.ControllerActionInvoker.Next(State& next, Scope& scope, Object& state, Boolean& isCompleted)
   at Microsoft.AspNetCore.Mvc.Infrastructure.ControllerActionInvoker.InvokeInnerFilterAsync()
--- End of stack trace from previous location where exception was thrown ---
   at Microsoft.AspNetCore.Mvc.Infrastructure.ResourceInvoker.<InvokeFilterPipelineAsync>g__Awaited|19_0(ResourceInvoker invoker, Task lastTask, State next, Scope scope, Object state, Boolean isCompleted)
   at Microsoft.AspNetCore.Mvc.Infrastructure.ResourceInvoker.<InvokeAsync>g__Awaited|17_0(ResourceInvoker invoker, Task task, IDisposable scope)
   at Microsoft.AspNetCore.Routing.EndpointMiddleware.<Invoke>g__AwaitRequestTask|6_0(Endpoint endpoint, Task requestTask, ILogger logger)
   at Microsoft.AspNetCore.Authorization.AuthorizationMiddleware.Invoke(HttpContext context)
   at Microsoft.AspNetCore.Authentication.AuthenticationMiddleware.Invoke(HttpContext context)
   at Swashbuckle.AspNetCore.SwaggerUI.SwaggerUIMiddleware.Invoke(HttpContext httpContext)
   at Swashbuckle.AspNetCore.Swagger.SwaggerMiddleware.Invoke(HttpContext httpContext, ISwaggerProvider swaggerProvider)
   at Microsoft.AspNetCore.Diagnostics.DeveloperExceptionPageMiddleware.Invoke(HttpContext context)
INFO  12:42:21 Application started. Press Ctrl+C to shut down.
INFO  12:42:21 Application started. Press Ctrl+C to shut down.
INFO  12:42:21 Hosting environment: Development
INFO  12:42:21 Hosting environment: Development
INFO  12:42:21 Content root path: D:\MFPE\Authorization
INFO  12:42:21 Content root path: D:\MFPE\Authorization
INFO  12:44:32 Application started. Press Ctrl+C to shut down.
INFO  12:44:32 Application started. Press Ctrl+C to shut down.
INFO  12:44:32 Hosting environment: Development
INFO  12:44:32 Hosting environment: Development
INFO  12:44:32 Content root path: D:\MFPE\Authorization
INFO  12:44:32 Content root path: D:\MFPE\Authorization
INFO  12:51:07 Application started. Press Ctrl+C to shut down.
INFO  12:51:07 Application started. Press Ctrl+C to shut down.
INFO  12:51:07 Hosting environment: Development
INFO  12:51:07 Hosting environment: Development
INFO  12:51:07 Content root path: D:\MFPE\Authorization
INFO  12:51:07 Content root path: D:\MFPE\Authorization
INFO  08:05:57 Application started. Press Ctrl+C to shut down.
INFO  08:05:57 Application started. Press Ctrl+C to shut down.
INFO  08:05:57 Hosting environment: Development
INFO  08:05:57 Hosting environment: Development
INFO  08:05:57 Content root path: D:\MFPE\Authorization
INFO  08:05:57 Content root path: D:\MFPE\Authorization
INFO  08:10:46 Application started. Press Ctrl+C to shut down.
INFO  08:10:46 Application started. Press Ctrl+C to shut down.
INFO  08:10:46 Hosting environment: Development
INFO  08:10:46 Hosting environment: Development
INFO  08:10:46 Content root path: D:\MFPE\Authorization
INFO  08:10:46 Content root path: D:\MFPE\Authorization
INFO  08:37:39 Application started. Press Ctrl+C to shut down.
INFO  08:37:39 Application started. Press Ctrl+C to shut down.
INFO  08:37:39 Hosting environment: Development
INFO  08:37:39 Hosting environment: Development
INFO  08:37:39 Content root path: D:\MFPE\Authorization
INFO  08:37:39 Content root path: D:\MFPE\Authorization
INFO  08:52:39 Login meyhod invoked
INFO  08:54:25 Login meyhod invoked
INFO  09:01:17 Application started. Press Ctrl+C to shut down.
INFO  09:01:17 Application started. Press Ctrl+C to shut down.
INFO  09:01:17 Hosting environment: Development
INFO  09:01:17 Hosting environment: Development
INFO  09:01:17 Content root path: D:\MFPE\Authorization
INFO  09:01:17 Content root path: D:\MFPE\Authorization
INFO  09:04:19 Login meyhod invoked
INFO  09:08:08 Login meyhod invoked
INFO  09:09:24 Login meyhod invoked
INFO  09:10:02 Application started. Press Ctrl+C to shut down.
INFO  09:10:02 Application started. Press Ctrl+C to shut down.
INFO  09:10:02 Hosting environment: Development
INFO  09:10:02 Hosting environment: Development
INFO  09:10:02 Content root path: D:\MFPE\Authorization
INFO  09:10:02 Content root path: D:\MFPE\Authorization
INFO  09:10:53 Login meyhod invoked
INFO  09:13:40 Login meyhod invoked
INFO  09:14:02 Login meyhod invoked
INFO  09:15:01 Login meyhod invoked
INFO  09:15:50 Login meyhod invoked
INFO  09:19:42 Login meyhod invoked
INFO  09:20:09 Login meyhod invoked
INFO  09:21:34 Login meyhod invoked
INFO  09:45:37 Login meyhod invoked
INFO  09:48:34 Login meyhod invoked
INFO  01:47:37 Application started. Press Ctrl+C to shut down.
INFO  01:47:37 Application started. Press Ctrl+C to shut down.
INFO  01:47:37 Hosting environment: Development
INFO  01:47:37 Hosting environment: Development
INFO  01:47:37 Content root path: D:\MFPE\Authorization
INFO  01:47:37 Content root path: D:\MFPE\Authorization
INFO  01:48:37 Login meyhod invoked
INFO  01:48:53 Login meyhod invoked
INFO  02:28:03 Application started. Press Ctrl+C to shut down.
INFO  02:28:03 Application started. Press Ctrl+C to shut down.
INFO  02:28:03 Hosting environment: Development
INFO  02:28:03 Hosting environment: Development
INFO  02:28:03 Content root path: D:\MFPE\Authorization
INFO  02:28:03 Content root path: D:\MFPE\Authorization
INFO  02:28:27 Login meyhod invoked
ERROR 02:28:32 Error Occured from LoginError Message : One or more errors occurred. (No connection could be made because the target machine actively refused it.)
INFO  09:10:29 Application started. Press Ctrl+C to shut down.
INFO  09:10:29 Application started. Press Ctrl+C to shut down.
INFO  09:10:29 Hosting environment: Development
INFO  09:10:29 Hosting environment: Development
INFO  09:10:29 Content root path: D:\MFPE\Authorization
INFO  09:10:29 Content root path: D:\MFPE\Authorization
INFO  09:10:54 Login meyhod invoked
INFO  09:24:50 Application started. Press Ctrl+C to shut down.
INFO  09:24:50 Application started. Press Ctrl+C to shut down.
INFO  09:24:50 Hosting environment: Development
INFO  09:24:50 Hosting environment: Development
INFO  09:24:50 Content root path: D:\MFPE\Authorization
INFO  09:24:50 Content root path: D:\MFPE\Authorization
INFO  09:26:17 Login meyhod invoked
INFO  10:17:50 Application started. Press Ctrl+C to shut down.
INFO  10:17:50 Application started. Press Ctrl+C to shut down.
INFO  10:17:50 Hosting environment: Development
INFO  10:17:50 Hosting environment: Development
INFO  10:17:50 Content root path: D:\MFPE\Authorization
INFO  10:17:50 Content root path: D:\MFPE\Authorization
INFO  10:20:24 Login meyhod invoked
INFO  10:42:48 Application started. Press Ctrl+C to shut down.
INFO  10:42:48 Application started. Press Ctrl+C to shut down.
INFO  10:42:48 Hosting environment: Development
INFO  10:42:48 Hosting environment: Development
INFO  10:42:48 Content root path: D:\MFPE\Authorization
INFO  10:42:48 Content root path: D:\MFPE\Authorization
INFO  10:44:01 Login meyhod invoked
INFO  01:49:00 Application started. Press Ctrl+C to shut down.
INFO  01:49:00 Application started. Press Ctrl+C to shut down.
INFO  01:49:00 Hosting environment: Development
INFO  01:49:00 Hosting environment: Development
INFO  01:49:00 Content root path: D:\MFPE\Authorization
INFO  01:49:00 Content root path: D:\MFPE\Authorization
INFO  01:51:21 Login meyhod invoked
INFO  02:07:08 Application started. Press Ctrl+C to shut down.
INFO  02:07:08 Application started. Press Ctrl+C to shut down.
INFO  02:07:08 Hosting environment: Development
INFO  02:07:08 Hosting environment: Development
INFO  02:07:08 Content root path: D:\MFPE\Authorization
INFO  02:07:08 Content root path: D:\MFPE\Authorization
INFO  02:07:57 Login meyhod invoked
INFO  02:48:16 Application started. Press Ctrl+C to shut down.
INFO  02:48:16 Application started. Press Ctrl+C to shut down.
INFO  02:48:17 Hosting environment: Development
INFO  02:48:17 Hosting environment: Development
INFO  02:48:17 Content root path: D:\MFPE\Authorization
INFO  02:48:17 Content root path: D:\MFPE\Authorization
INFO  02:49:30 Login meyhod invoked
INFO  02:52:49 Login meyhod invoked
INFO  02:55:22 Login meyhod invoked
INFO  03:03:21 Login meyhod invoked
INFO  03:03:34 Login meyhod invoked
INFO  03:29:16 Login meyhod invoked
INFO  03:35:53 Login meyhod invoked
